<?xml version="1.0" encoding="UTF-8"?>
<!-- Generated by org.testng.reporters.JUnitReportReporter -->
<testsuite hostname="DESKTOP-R0QAPTP" failures="0" tests="1" name="com.vtiger.pratice.TC_046_CreateOrganizationWith_MemberTest" time="25.284" errors="0" timestamp="2021-10-09T23:37:57 IST" skipped="0">
  <testcase classname="com.vtiger.pratice.TC_046_CreateOrganizationWith_MemberTest" name="TC_046_CreateOrganizationWith_Member" time="25.284"/>
  <system-out/>
</testsuite> <!-- com.vtiger.pratice.TC_046_CreateOrganizationWith_MemberTest -->
