<?xml version="1.0" encoding="UTF-8"?>
<!-- Generated by org.testng.reporters.JUnitReportReporter -->
<testsuite hostname="DESKTOP-R0QAPTP" failures="0" tests="1" name="com.vtiger.pratice.TC_075_Organization_MassEdit_Test" time="22.400" errors="0" timestamp="2021-10-12T14:04:22 IST" skipped="0">
  <testcase classname="com.vtiger.pratice.TC_075_Organization_MassEdit_Test" name="TC_075_Organization_MassEdit" time="22.400"/>
  <system-out/>
</testsuite> <!-- com.vtiger.pratice.TC_075_Organization_MassEdit_Test -->
