<?xml version="1.0" encoding="UTF-8"?>
<!-- Generated by org.testng.reporters.JUnitReportReporter -->
<testsuite hostname="DESKTOP-R0QAPTP" failures="0" tests="1" name="com.vtiger.Contacts.CreateContractWithOrganizationTest" time="30.220" errors="0" timestamp="2021-10-07T00:58:34 IST" skipped="0">
  <testcase classname="com.vtiger.Contacts.CreateContractWithOrganizationTest" name="CreateContractWithOrganization" time="30.220"/>
  <system-out/>
</testsuite> <!-- com.vtiger.Contacts.CreateContractWithOrganizationTest -->
