<?xml version="1.0" encoding="UTF-8"?>
<!-- Generated by org.testng.reporters.JUnitReportReporter -->
<testsuite hostname="DESKTOP-R0QAPTP" failures="0" tests="1" name="com.vtiger.pratice.TC_080_OrganizationPage_SearchBar_TerminatingTest" time="18.562" errors="0" timestamp="2021-10-11T00:36:02 IST" skipped="0">
  <testcase classname="com.vtiger.pratice.TC_080_OrganizationPage_SearchBar_TerminatingTest" name="TC_080_OrganizationPage_SearchBar_Terminating" time="18.562"/>
  <system-out/>
</testsuite> <!-- com.vtiger.pratice.TC_080_OrganizationPage_SearchBar_TerminatingTest -->
