<?xml version="1.0" encoding="UTF-8"?>
<!-- Generated by org.testng.reporters.JUnitReportReporter -->
<testsuite hostname="DESKTOP-R0QAPTP" failures="0" tests="1" name="com.vtiger.pratice.TC_053_CreateOrganization_RatingDD_VerifyTest" time="20.137" errors="0" timestamp="2021-10-10T22:11:35 IST" skipped="0">
  <testcase classname="com.vtiger.pratice.TC_053_CreateOrganization_RatingDD_VerifyTest" name="TC_053_CreateOrganization_RatingDD_Verify" time="20.137"/>
  <system-out>
    <![CDATA[Rating Dropdown is Enabled]]>
  </system-out>
</testsuite> <!-- com.vtiger.pratice.TC_053_CreateOrganization_RatingDD_VerifyTest -->
