<?xml version="1.0" encoding="UTF-8"?>
<!-- Generated by org.testng.reporters.JUnitReportReporter -->
<testsuite hostname="DESKTOP-R0QAPTP" failures="0" tests="1" name="com.vtiger.pratice.TC_051_CreateOrganizationWith_AssignedTo_MarketTest" time="22.707" errors="0" timestamp="2021-10-10T19:14:15 IST" skipped="0">
  <testcase classname="com.vtiger.pratice.TC_051_CreateOrganizationWith_AssignedTo_MarketTest" name="TC_051_CreateOrganizationWith_AssignedTo_Market" time="22.707"/>
  <system-out/>
</testsuite> <!-- com.vtiger.pratice.TC_051_CreateOrganizationWith_AssignedTo_MarketTest -->
