<?xml version="1.0" encoding="UTF-8"?>
<!-- Generated by org.testng.reporters.JUnitReportReporter -->
<testsuite hostname="DESKTOP-R0QAPTP" failures="0" tests="1" name="com.vtiger.pratice.TC_048_CreateOrganizationWith_EmailOptOutTest" time="21.871" errors="0" timestamp="2021-10-10T00:16:52 IST" skipped="0">
  <testcase classname="com.vtiger.pratice.TC_048_CreateOrganizationWith_EmailOptOutTest" name="TC_048_CreateOrganizationWith_EmailOptOut" time="21.871"/>
  <system-out/>
</testsuite> <!-- com.vtiger.pratice.TC_048_CreateOrganizationWith_EmailOptOutTest -->
