<?xml version="1.0" encoding="UTF-8"?>
<!-- Generated by org.testng.reporters.JUnitReportReporter -->
<testsuite hostname="DESKTOP-R0QAPTP" failures="0" tests="1" name="com.vtiger.pratice.TC_042_CreateNewOrganization_Industry_DDCheckTest" time="19.247" errors="0" timestamp="2021-10-09T22:53:52 IST" skipped="0">
  <testcase classname="com.vtiger.pratice.TC_042_CreateNewOrganization_Industry_DDCheckTest" name="CreateNewOrganization_Industry_DDCheck" time="19.247"/>
  <system-out>
    <![CDATA[industry Dropdown is Enabled]]>
  </system-out>
</testsuite> <!-- com.vtiger.pratice.TC_042_CreateNewOrganization_Industry_DDCheckTest -->
