<?xml version="1.0" encoding="UTF-8"?>
<!-- Generated by org.testng.reporters.JUnitReportReporter -->
<testsuite hostname="DESKTOP-R0QAPTP" failures="0" tests="1" name="com.vtiger.pratice.TC_049_CreateOrganizationEmail_Enabled_Or_NotTest" time="20.605" errors="0" timestamp="2021-10-10T00:31:55 IST" skipped="0">
  <testcase classname="com.vtiger.pratice.TC_049_CreateOrganizationEmail_Enabled_Or_NotTest" name="nnl" time="20.605"/>
  <system-out/>
</testsuite> <!-- com.vtiger.pratice.TC_049_CreateOrganizationEmail_Enabled_Or_NotTest -->
