<?xml version="1.0" encoding="UTF-8"?>
<!-- Generated by org.testng.reporters.JUnitReportReporter -->
<testsuite hostname="DESKTOP-R0QAPTP" failures="0" tests="1" name="com.vtiger.pratice.TC_078_SendSMS_ToOrganizationTest" time="20.404" errors="0" timestamp="2021-10-11T01:16:35 IST" skipped="0">
  <testcase classname="com.vtiger.pratice.TC_078_SendSMS_ToOrganizationTest" name="TC_078_SendSMS_ToOrganization" time="20.404"/>
  <system-out/>
</testsuite> <!-- com.vtiger.pratice.TC_078_SendSMS_ToOrganizationTest -->
