<?xml version="1.0" encoding="UTF-8"?>
<!-- Generated by org.testng.reporters.JUnitReportReporter -->
<testsuite hostname="DESKTOP-R0QAPTP" failures="0" tests="1" name="com.vtiger.pratice.TC_044_CreateNewOrganization_TypeDD_VerifyTest" time="20.696" errors="0" timestamp="2021-10-09T22:59:08 IST" skipped="0">
  <testcase classname="com.vtiger.pratice.TC_044_CreateNewOrganization_TypeDD_VerifyTest" name="main" time="20.696"/>
  <system-out>
    <![CDATA[industry Dropdown is Enabled]]>
  </system-out>
</testsuite> <!-- com.vtiger.pratice.TC_044_CreateNewOrganization_TypeDD_VerifyTest -->
