<?xml version="1.0" encoding="UTF-8"?>
<!-- Generated by org.testng.reporters.JUnitReportReporter -->
<testsuite hostname="DESKTOP-R0QAPTP" failures="0" tests="1" name="com.prctice.DroDownTest" time="27.542" errors="0" timestamp="2021-10-12T14:06:23 IST" skipped="0">
  <testcase classname="com.prctice.DroDownTest" name="dropdown" time="27.542"/>
  <system-out/>
</testsuite> <!-- com.prctice.DroDownTest -->
