<?xml version="1.0" encoding="UTF-8"?>
<!-- Generated by org.testng.reporters.JUnitReportReporter -->
<testsuite hostname="DESKTOP-R0QAPTP" failures="0" tests="1" name="com.vtiger.Contacts.CreateContactsTest" time="26.334" errors="0" timestamp="2021-10-06T23:27:58 IST" skipped="0">
  <testcase classname="com.vtiger.Contacts.CreateContactsTest" name="CreateContact" time="26.334"/>
  <system-out/>
</testsuite> <!-- com.vtiger.Contacts.CreateContactsTest -->
