<?xml version="1.0" encoding="UTF-8"?>
<!-- Generated by org.testng.reporters.JUnitReportReporter -->
<testsuite hostname="DESKTOP-R0QAPTP" failures="0" tests="1" name="com.vtiger.pratice.TC_079_DeleteOrganizationFrom_OrganizationList_Test" time="26.660" errors="0" timestamp="2021-10-11T00:59:21 IST" skipped="0">
  <testcase classname="com.vtiger.pratice.TC_079_DeleteOrganizationFrom_OrganizationList_Test" name="dn" time="26.660"/>
  <system-out/>
</testsuite> <!-- com.vtiger.pratice.TC_079_DeleteOrganizationFrom_OrganizationList_Test -->
