<?xml version="1.0" encoding="UTF-8"?>
<!-- Generated by org.testng.reporters.JUnitReportReporter -->
<testsuite hostname="DESKTOP-R0QAPTP" failures="0" tests="1" name="com.vtiger.pratice.TC_047_CreateOrganizationMember_ClearTest" time="25.856" errors="0" timestamp="2021-10-09T23:55:19 IST" skipped="0">
  <testcase classname="com.vtiger.pratice.TC_047_CreateOrganizationMember_ClearTest" name="TC_047_CreateOrganizationMember_Clear" time="25.856"/>
  <system-out/>
</testsuite> <!-- com.vtiger.pratice.TC_047_CreateOrganizationMember_ClearTest -->
